{"/mnt/c/Users/Taeksu Kim/Desktop/jsp/CodingExercises/ibmInterview.js": {"path":"/mnt/c/Users/Taeksu Kim/Desktop/jsp/CodingExercises/ibmInterview.js","statementMap":{"0":{"start":{"line":1,"column":17},"end":{"line":8,"column":1}},"1":{"start":{"line":2,"column":2},"end":{"line":2,"column":32}},"2":{"start":{"line":2,"column":18},"end":{"line":2,"column":32}},"3":{"start":{"line":3,"column":2},"end":{"line":3,"column":26}},"4":{"start":{"line":4,"column":16},"end":{"line":4,"column":56}},"5":{"start":{"line":7,"column":2},"end":{"line":7,"column":25}},"6":{"start":{"line":12,"column":0},"end":{"line":12,"column":28}}},"fnMap":{"0":{"name":"(anonymous_0)","decl":{"start":{"line":1,"column":17},"end":{"line":1,"column":18}},"loc":{"start":{"line":1,"column":31},"end":{"line":8,"column":1}},"line":1}},"branchMap":{"0":{"loc":{"start":{"line":2,"column":2},"end":{"line":2,"column":32}},"type":"if","locations":[{"start":{"line":2,"column":2},"end":{"line":2,"column":32}},{"start":{"line":2,"column":2},"end":{"line":2,"column":32}}],"line":2}},"s":{"0":1,"1":7,"2":1,"3":6,"4":6,"5":6,"6":1},"f":{"0":7},"b":{"0":[1,6]},"_coverageSchema":"1a1c01bbd47fc00a2c39e90264f33305004495a9","hash":"194ad523204509170eadcf72c1dbc4ee9e5d76c3"}
}
